{"name":"Login Scenario1","id":"log-in;login-scenario1","testSteps":[{"number":1,"description":"Given I am on face book home page","duration":7480,"startTime":"2018-10-14T08:33:50.574+01:00[Europe/London]","screenshots":[{"screenshot":"7789d0f64fe20361c8d9ba6af9c2692961348401764d4e79cd4c8a1a03181fd2.png"}],"result":"SUCCESS","precondition":false},{"number":2,"description":"And I enter username and password","duration":2757,"startTime":"2018-10-14T08:33:58.060+01:00[Europe/London]","screenshots":[{"screenshot":"ef8b9fec5da8884fcfcd277f0679da131823e4f9de6ed520101c220401ecc132.png"},{"screenshot":"7789d0f64fe20361c8d9ba6af9c2692961348401764d4e79cd4c8a1a03181fd2.png"}],"result":"SUCCESS","precondition":false},{"number":3,"description":"And I select Login","duration":9506,"startTime":"2018-10-14T08:34:00.818+01:00[Europe/London]","screenshots":[{"screenshot":"ef8b9fec5da8884fcfcd277f0679da131823e4f9de6ed520101c220401ecc132.png","htmlSource":"pagesource8750690580700805173.html.txt"}],"exception":{"errorType":"net.thucydides.core.webdriver.exceptions.ElementShouldBeEnabledException","message":"Expected enabled element was not enabled\nBuild info: version: \u00273.8.1\u0027, revision: \u00276e95a6684b\u0027, time: \u00272017-12-01T18:33:54.468Z\u0027\nSystem info: host: \u0027DNA.local\u0027, ip: \u0027192.168.0.5\u0027, os.name: \u0027Mac OS X\u0027, os.arch: \u0027x86_64\u0027, os.version: \u002710.13.6\u0027, java.version: \u00271.8.0_121\u0027\nDriver info: driver.version: unknown","stackTrace":[{"declaringClass":"com.selenium.pages.PageObjectClient","methodName":"clickButton","fileName":"PageObjectClient.java","lineNumber":32},{"declaringClass":"com.selenium.pages.LoginPage","methodName":"clickLogin","fileName":"LoginPage.java","lineNumber":43},{"declaringClass":"com.selenium.stepDefinitions.LoginStepdefs","methodName":"iSelectLogin","fileName":"LoginStepdefs.java","lineNumber":28},{"declaringClass":"✽","methodName":"I select Login","fileName":"src/test/resources/features/login.feature","lineNumber":6}]},"result":"FAILURE","precondition":false}],"userStory":{"id":"log-in","storyName":"Log in","path":"login.feature","type":"feature"},"featureTag":{"name":"Log in","type":"feature"},"title":"Login Scenario1","tags":[{"name":"Log in","type":"feature"}],"startTime":"2018-10-14T08:33:49.986+01:00[Europe/London]","duration":20568,"testFailureCause":{"errorType":"net.thucydides.core.webdriver.exceptions.ElementShouldBeEnabledException","message":"The following error occurred: Expected enabled element was not enabled\nBuild info: version: \u00273.8.1\u0027, revision: \u00276e95a6684b\u0027, time: \u00272017-12-01T18:33:54.468Z\u0027\nSystem info: host: \u0027DNA.local\u0027, ip: \u0027192.168.0.5\u0027, os.name: \u0027Mac OS X\u0027, os.arch: \u0027x86_64\u0027, os.version: \u002710.13.6\u0027, java.version: \u00271.8.0_121\u0027\nDriver info: driver.version: unknown","stackTrace":[{"declaringClass":"com.selenium.pages.PageObjectClient","methodName":"clickButton","fileName":"PageObjectClient.java","lineNumber":32},{"declaringClass":"com.selenium.pages.LoginPage","methodName":"clickLogin","fileName":"LoginPage.java","lineNumber":43},{"declaringClass":"com.selenium.stepDefinitions.LoginStepdefs","methodName":"iSelectLogin","fileName":"LoginStepdefs.java","lineNumber":28},{"declaringClass":"✽","methodName":"I select Login","fileName":"src/test/resources/features/login.feature","lineNumber":6}]},"testFailureClassname":"net.thucydides.core.webdriver.exceptions.ElementShouldBeEnabledException","testFailureMessage":"The following error occurred: Expected enabled element was not enabled\nBuild info: version: \u00273.8.1\u0027, revision: \u00276e95a6684b\u0027, time: \u00272017-12-01T18:33:54.468Z\u0027\nSystem info: host: \u0027DNA.local\u0027, ip: \u0027192.168.0.5\u0027, os.name: \u0027Mac OS X\u0027, os.arch: \u0027x86_64\u0027, os.version: \u002710.13.6\u0027, java.version: \u00271.8.0_121\u0027\nDriver info: driver.version: unknown","testFailureSummary":"FAILURE;net.thucydides.core.webdriver.exceptions.ElementShouldBeEnabledException;The following error occurred: Expected enabled element was not enabled\nBuild info: version: \u00273.8.1\u0027, revision: \u00276e95a6684b\u0027, time: \u00272017-12-01T18:33:54.468Z\u0027\nSystem info: host: \u0027DNA.local\u0027, ip: \u0027192.168.0.5\u0027, os.name: \u0027Mac OS X\u0027, os.arch: \u0027x86_64\u0027, os.version: \u002710.13.6\u0027, java.version: \u00271.8.0_121\u0027\nDriver info: driver.version: unknown;PageObjectClient.java","projectKey":"","annotatedResult":"FAILURE","sessionId":"f434bfd0fa6b4d44e1ee35a852d55609","driver":"chrome","manual":false,"testSource":"Cucumber","result":"FAILURE"}